<?xml version="1.0" encoding="UTF-8"?>
<!-- Generated by org.testng.reporters.JUnitReportReporter -->
<testsuite hostname="DESKTOP-H0PI4DT" failures="0" tests="1" name="crossBrowserTest.NOPCommLoginTestNG" time="46.667" errors="0" timestamp="2023-02-23T16:15:01 IST" skipped="0">
  <testcase classname="crossBrowserTest.NOPCommLoginTestNG" name="verifyLogin" time="46.667"/>
</testsuite> <!-- crossBrowserTest.NOPCommLoginTestNG -->
